OpenGL_Lab2.obj : error LNK2019: unresolved external symbol __imp_glBegin referenced in function "void __cdecl DrawCoodinate(void)" (?DrawCoodinate@@YAXXZ)
OpenGL_Lab2.obj : error LNK2019: unresolved external symbol __imp_glClear referenced in function "void __cdecl RenderScene(void)" (?RenderScene@@YAXXZ)
OpenGL_Lab2.obj : error LNK2019: unresolved external symbol __imp_glClearColor referenced in function "void __cdecl Init(void)" (?Init@@YAXXZ)
OpenGL_Lab2.obj : error LNK2019: unresolved external symbol __imp_glColor3f referenced in function "void __cdecl DrawCoodinate(void)" (?DrawCoodinate@@YAXXZ)
OpenGL_Lab2.obj : error LNK2019: unresolved external symbol __imp_glEnd referenced in function "void __cdecl DrawCoodinate(void)" (?DrawCoodinate@@YAXXZ)
OpenGL_Lab2.obj : error LNK2019: unresolved external symbol __imp_glFlush referenced in function "void __cdecl RenderScene(void)" (?RenderScene@@YAXXZ)
OpenGL_Lab2.obj : error LNK2019: unresolved external symbol __imp_glLoadIdentity referenced in function "void __cdecl ReShape(int,int)" (?ReShape@@YAXHH@Z)
OpenGL_Lab2.obj : error LNK2019: unresolved external symbol __imp_glMatrixMode referenced in function "void __cdecl ReShape(int,int)" (?ReShape@@YAXHH@Z)
OpenGL_Lab2.obj : error LNK2019: unresolved external symbol __imp_glPopMatrix referenced in function "void __cdecl RenderScene(void)" (?RenderScene@@YAXXZ)
OpenGL_Lab2.obj : error LNK2019: unresolved external symbol __imp_glPushMatrix referenced in function "void __cdecl RenderScene(void)" (?RenderScene@@YAXXZ)
OpenGL_Lab2.obj : error LNK2019: unresolved external symbol __imp_glRotatef referenced in function "void __cdecl RenderScene(void)" (?RenderScene@@YAXXZ)
OpenGL_Lab2.obj : error LNK2019: unresolved external symbol __imp_glTranslatef referenced in function "void __cdecl RenderScene(void)" (?RenderScene@@YAXXZ)
OpenGL_Lab2.obj : error LNK2019: unresolved external symbol __imp_glVertex3f referenced in function "void __cdecl DrawCoodinate(void)" (?DrawCoodinate@@YAXXZ)
OpenGL_Lab2.obj : error LNK2019: unresolved external symbol __imp_glViewport referenced in function "void __cdecl ReShape(int,int)" (?ReShape@@YAXHH@Z)
OpenGL_Lab2.obj : error LNK2019: unresolved external symbol gluPerspective referenced in function "void __cdecl ReShape(int,int)" (?ReShape@@YAXHH@Z)
OpenGL_Lab2.obj : error LNK2019: unresolved external symbol gluLookAt referenced in function "void __cdecl RenderScene(void)" (?RenderScene@@YAXXZ)
OpenGL_Lab2.obj : error LNK2019: unresolved external symbol __imp_glutInitDisplayMode referenced in function main
OpenGL_Lab2.obj : error LNK2019: unresolved external symbol __imp_glutInitWindowPosition referenced in function main
OpenGL_Lab2.obj : error LNK2019: unresolved external symbol __imp_glutInitWindowSize referenced in function main
OpenGL_Lab2.obj : error LNK2019: unresolved external symbol __imp_glutMainLoop referenced in function main
OpenGL_Lab2.obj : error LNK2019: unresolved external symbol __imp___glutCreateWindowWithExit referenced in function glutCreateWindow_ATEXIT_HACK
OpenGL_Lab2.obj : error LNK2019: unresolved external symbol __imp_glutSwapBuffers referenced in function "void __cdecl RenderScene(void)" (?RenderScene@@YAXXZ)
OpenGL_Lab2.obj : error LNK2019: unresolved external symbol __imp_glutDisplayFunc referenced in function main
OpenGL_Lab2.obj : error LNK2019: unresolved external symbol __imp_glutReshapeFunc referenced in function main
OpenGL_Lab2.obj : error LNK2019: unresolved external symbol __imp_glutWireCone referenced in function "void __cdecl RenderScene(void)" (?RenderScene@@YAXXZ)
OpenGL_Lab2.obj : error LNK2019: unresolved external symbol __imp_glutWireTorus referenced in function "void __cdecl RenderScene(void)" (?RenderScene@@YAXXZ)
OpenGL_Lab2.obj : error LNK2019: unresolved external symbol __imp_glutWireTeapot referenced in function "void __cdecl RenderScene(void)" (?RenderScene@@YAXXZ)
C:\Users\Admin\source\repos\OpenGL\OpenGL\lib\GLU32.LIB : warning LNK4272: library machine type 'x86' conflicts with target machine type 'x64'
C:\Users\Admin\source\repos\OpenGL\OpenGL\lib\glut32.lib : warning LNK4272: library machine type 'x86' conflicts with target machine type 'x64'
C:\Users\Admin\source\repos\OpenGL\OpenGL\lib\OPENGL32.LIB : warning LNK4272: library machine type 'x86' conflicts with target machine type 'x64'
C:\Users\Admin\source\repos\OpenGL\x64\Debug\OpenGL.exe : fatal error LNK1120: 27 unresolved externals
